<?xml version="1.0" encoding="UTF-8"?>
<coverage generated="1770963243">
  <project timestamp="1770963243" name="Clover Coverage">
    <package name="Honed\Layout">
      <file name="/home/runner/work/layout/layout/src/LayoutServiceProvider.php">
        <class name="Honed\Layout\LayoutServiceProvider" namespace="Honed\Layout">
          <metrics complexity="4" methods="3" coveredmethods="1" conditionals="0" coveredconditionals="0" statements="17" coveredstatements="12" elements="20" coveredelements="13"/>
        </class>
        <line num="19" type="method" name="register" visibility="public" complexity="1" crap="1" count="13"/>
        <line num="21" type="stmt" count="13"/>
        <line num="22" type="stmt" count="13"/>
        <line num="23" type="stmt" count="13"/>
        <line num="25" type="stmt" count="13"/>
        <line num="33" type="method" name="provides" visibility="public" complexity="1" crap="2" count="0"/>
        <line num="35" type="stmt" count="0"/>
        <line num="36" type="stmt" count="0"/>
        <line num="37" type="stmt" count="0"/>
        <line num="43" type="method" name="registerTestingMacros" visibility="protected" complexity="2" crap="2.03" count="13"/>
        <line num="45" type="stmt" count="13"/>
        <line num="47" type="stmt" count="1"/>
        <line num="49" type="stmt" count="1"/>
        <line num="50" type="stmt" count="0"/>
        <line num="53" type="stmt" count="1"/>
        <line num="55" type="stmt" count="1"/>
        <line num="56" type="stmt" count="13"/>
        <line num="58" type="stmt" count="13"/>
        <line num="60" type="stmt" count="0"/>
        <line num="61" type="stmt" count="13"/>
        <metrics loc="64" ncloc="51" classes="1" methods="3" coveredmethods="1" conditionals="0" coveredconditionals="0" statements="17" coveredstatements="12" elements="20" coveredelements="13"/>
      </file>
      <file name="/home/runner/work/layout/layout/src/Response.php">
        <class name="Honed\Layout\Response" namespace="Honed\Layout">
          <metrics complexity="11" methods="6" coveredmethods="6" conditionals="0" coveredconditionals="0" statements="31" coveredstatements="31" elements="37" coveredelements="37"/>
        </class>
        <line num="31" type="method" name="parseComponent" visibility="public" complexity="1" crap="1" count="1"/>
        <line num="33" type="stmt" count="1"/>
        <line num="35" type="stmt" count="1"/>
        <line num="43" type="method" name="layout" visibility="public" complexity="4" crap="4" count="7"/>
        <line num="45" type="stmt" count="7"/>
        <line num="46" type="stmt" count="7"/>
        <line num="47" type="stmt" count="7"/>
        <line num="48" type="stmt" count="7"/>
        <line num="49" type="stmt" count="7"/>
        <line num="51" type="stmt" count="7"/>
        <line num="57" type="method" name="getLayout" visibility="public" complexity="1" crap="1" count="7"/>
        <line num="59" type="stmt" count="7"/>
        <line num="68" type="method" name="toResponse" visibility="public" complexity="2" crap="2" count="3"/>
        <line num="70" type="stmt" count="3"/>
        <line num="72" type="stmt" count="3"/>
        <line num="73" type="stmt" count="3"/>
        <line num="74" type="stmt" count="3"/>
        <line num="75" type="stmt" count="3"/>
        <line num="76" type="stmt" count="3"/>
        <line num="77" type="stmt" count="3"/>
        <line num="78" type="stmt" count="3"/>
        <line num="79" type="stmt" count="3"/>
        <line num="80" type="stmt" count="3"/>
        <line num="81" type="stmt" count="3"/>
        <line num="82" type="stmt" count="3"/>
        <line num="83" type="stmt" count="3"/>
        <line num="84" type="stmt" count="3"/>
        <line num="85" type="stmt" count="3"/>
        <line num="87" type="stmt" count="3"/>
        <line num="88" type="stmt" count="1"/>
        <line num="91" type="stmt" count="2"/>
        <line num="97" type="method" name="getLayoutedComponent" visibility="public" complexity="2" crap="2" count="5"/>
        <line num="99" type="stmt" count="5"/>
        <line num="100" type="stmt" count="5"/>
        <line num="104" type="stmt" count="1"/>
        <line num="110" type="method" name="isPartial" visibility="public" complexity="1" crap="1" count="4"/>
        <line num="112" type="stmt" count="4"/>
        <metrics loc="115" ncloc="84" classes="1" methods="6" coveredmethods="6" conditionals="0" coveredconditionals="0" statements="31" coveredstatements="31" elements="37" coveredelements="37"/>
      </file>
      <file name="/home/runner/work/layout/layout/src/ResponseFactory.php">
        <class name="Honed\Layout\ResponseFactory" namespace="Honed\Layout">
          <metrics complexity="4" methods="1" coveredmethods="0" conditionals="0" coveredconditionals="0" statements="14" coveredstatements="12" elements="15" coveredelements="12"/>
        </class>
        <line num="18" type="method" name="render" visibility="public" complexity="4" crap="4.05" count="2"/>
        <line num="20" type="stmt" count="2"/>
        <line num="21" type="stmt" count="0"/>
        <line num="24" type="stmt" count="2"/>
        <line num="25" type="stmt" count="1"/>
        <line num="26" type="stmt" count="2"/>
        <line num="27" type="stmt" count="0"/>
        <line num="30" type="stmt" count="2"/>
        <line num="31" type="stmt" count="2"/>
        <line num="32" type="stmt" count="2"/>
        <line num="33" type="stmt" count="2"/>
        <line num="34" type="stmt" count="2"/>
        <line num="35" type="stmt" count="2"/>
        <line num="36" type="stmt" count="2"/>
        <line num="37" type="stmt" count="2"/>
        <metrics loc="40" ncloc="35" classes="1" methods="1" coveredmethods="0" conditionals="0" coveredconditionals="0" statements="14" coveredstatements="12" elements="15" coveredelements="12"/>
      </file>
    </package>
    <package name="Honed\Layout\Testing">
      <file name="/home/runner/work/layout/layout/src/Testing/AssertableInertia.php">
        <class name="Honed\Layout\Testing\AssertableInertia" namespace="Honed\Layout\Testing">
          <metrics complexity="2" methods="2" coveredmethods="2" conditionals="0" coveredconditionals="0" statements="8" coveredstatements="8" elements="10" coveredelements="10"/>
        </class>
        <line num="37" type="method" name="fromTestResponse" visibility="public" complexity="1" crap="1" count="1"/>
        <line num="40" type="stmt" count="1"/>
        <line num="43" type="stmt" count="1"/>
        <line num="46" type="stmt" count="1"/>
        <line num="48" type="stmt" count="1"/>
        <line num="49" type="stmt" count="1"/>
        <line num="51" type="stmt" count="1"/>
        <line num="60" type="method" name="layout" visibility="public" complexity="1" crap="1" count="1"/>
        <line num="62" type="stmt" count="1"/>
        <line num="64" type="stmt" count="1"/>
        <metrics loc="67" ncloc="42" classes="1" methods="2" coveredmethods="2" conditionals="0" coveredconditionals="0" statements="8" coveredstatements="8" elements="10" coveredelements="10"/>
      </file>
    </package>
    <metrics files="4" loc="286" ncloc="212" classes="4" methods="12" coveredmethods="9" conditionals="0" coveredconditionals="0" statements="70" coveredstatements="63" elements="82" coveredelements="72"/>
  </project>
</coverage>
